<?xml version="1.0" encoding="UTF-8"?>
<!-- Generated by org.testng.reporters.JUnitReportReporter -->
<testsuite hostname="pc_my" name="tests.NewTest" tests="1" failures="0" timestamp="1 Nov 2018 20:39:32 GMT" time="54.157" errors="0">
  <testcase name="openMyBlog" time="54.157" classname="tests.NewTest"/>
</testsuite>
